#
# A fatal error has been detected by the Java Runtime Environment:
#
#  Internal Error (./open/src/hotspot/share/interpreter/oopMapCache.cpp:111), pid=45128, tid=24140
#  Error: ShouldNotReachHere()
#
# JRE version: OpenJDK Runtime Environment (15.0.1+9) (build 15.0.1+9-18)
# Java VM: OpenJDK 64-Bit Server VM (15.0.1+9-18, mixed mode, tiered, compressed oops, g1 gc, windows-amd64)
# No core dump will be written. Minidumps are not enabled by default on client versions of Windows
#
# If you would like to submit a bug report, please visit:
#   https://bugreport.java.com/bugreport/crash.jsp
#

---------------  S U M M A R Y ------------

Command Line: -XX:+ShowCodeDetailsInExceptionMessages -agentlib:jdwp=transport=dt_socket,suspend=y,address=localhost:64276 -javaagent:C:\Users\carlo\eclipse\java-2020-12\eclipse\configuration\org.eclipse.osgi\220\0\.cp\lib\javaagent-shaded.jar -Dfile.encoding=Cp1252 PrintSeams 10x12.png

Host: AMD Ryzen 9 5900X 12-Core Processor            , 24 cores, 31G,  Windows 10 , 64 bit Build 19041 (10.0.19041.928)
Time: Tue May 25 23:11:28 2021 Central Daylight Time elapsed time: 2932.086476 seconds (0d 0h 48m 52s)

---------------  T H R E A D  ---------------

Current thread (0x000001fc7098e300):  JavaThread "JDWP Transport Listener: dt_socket" daemon [_thread_in_vm, id=24140, stack(0x000000c9f2a00000,0x000000c9f2b00000)] _threads_hazard_ptr=0x000001fc70e92720

Stack: [0x000000c9f2a00000,0x000000c9f2b00000]
Native frames: (J=compiled Java code, j=interpreted, Vv=VM code, C=native code)
V  [jvm.dll+0x62ae9a]
V  [jvm.dll+0x781389]
V  [jvm.dll+0x782ae3]
V  [jvm.dll+0x7830f7]
V  [jvm.dll+0x2161cc]
V  [jvm.dll+0x216113]
V  [jvm.dll+0x619caa]
V  [jvm.dll+0x619963]
V  [jvm.dll+0x5df038]
V  [jvm.dll+0x7783ef]
V  [jvm.dll+0x4f04b1]
V  [jvm.dll+0x787e95]
V  [jvm.dll+0x4d430a]
V  [jvm.dll+0x49548b]
C  [jdwp.dll+0x796b]


---------------  P R O C E S S  ---------------

Threads class SMR info:
_java_thread_list=0x000001fc70e92720, length=15, elements={
0x000001fc460123b0, 0x000001fc706da010, 0x000001fc706daac0, 0x000001fc706c1d10,
0x000001fc706c4f70, 0x000001fc706c81d0, 0x000001fc707057f0, 0x000001fc70706940,
0x000001fc707103a0, 0x000001fc70748c40, 0x000001fc7098e300, 0x000001fc709b4e40,
0x000001fc709b5520, 0x000001fc70c9ea40, 0x000001fc70ec0690
}

Java Threads: ( => current thread )
  0x000001fc460123b0 JavaThread "main" [_thread_blocked, id=32056, stack(0x000000c9f1800000,0x000000c9f1900000)]
  0x000001fc706da010 JavaThread "Reference Handler" daemon [_thread_blocked, id=24036, stack(0x000000c9f1f00000,0x000000c9f2000000)]
  0x000001fc706daac0 JavaThread "Finalizer" daemon [_thread_blocked, id=18000, stack(0x000000c9f2000000,0x000000c9f2100000)]
  0x000001fc706c1d10 JavaThread "Signal Dispatcher" daemon [_thread_blocked, id=33600, stack(0x000000c9f2100000,0x000000c9f2200000)]
  0x000001fc706c4f70 JavaThread "Attach Listener" daemon [_thread_blocked, id=38600, stack(0x000000c9f2200000,0x000000c9f2300000)]
  0x000001fc706c81d0 JavaThread "Service Thread" daemon [_thread_blocked, id=44712, stack(0x000000c9f2300000,0x000000c9f2400000)]
  0x000001fc707057f0 JavaThread "C2 CompilerThread0" daemon [_thread_blocked, id=43652, stack(0x000000c9f2400000,0x000000c9f2500000)]
  0x000001fc70706940 JavaThread "C1 CompilerThread0" daemon [_thread_blocked, id=34176, stack(0x000000c9f2500000,0x000000c9f2600000)]
  0x000001fc707103a0 JavaThread "Sweeper thread" daemon [_thread_blocked, id=22732, stack(0x000000c9f2600000,0x000000c9f2700000)]
  0x000001fc70748c40 JavaThread "Common-Cleaner" daemon [_thread_blocked, id=45496, stack(0x000000c9f2700000,0x000000c9f2800000)]
=>0x000001fc7098e300 JavaThread "JDWP Transport Listener: dt_socket" daemon [_thread_in_vm, id=24140, stack(0x000000c9f2a00000,0x000000c9f2b00000)] _threads_hazard_ptr=0x000001fc70e92720
  0x000001fc709b4e40 JavaThread "JDWP Event Helper Thread" daemon [_thread_blocked, id=21688, stack(0x000000c9f2b00000,0x000000c9f2c00000)]
  0x000001fc709b5520 JavaThread "JDWP Command Reader" daemon [_thread_in_native, id=35252, stack(0x000000c9f2c00000,0x000000c9f2d00000)]
  0x000001fc70c9ea40 JavaThread "Notification Thread" daemon [_thread_blocked, id=16596, stack(0x000000c9f2f00000,0x000000c9f3000000)]
  0x000001fc70ec0690 JavaThread "Java2D Disposer" daemon [_thread_blocked, id=18604, stack(0x000000c9f3100000,0x000000c9f3200000)]

Other Threads:
  0x000001fc706a1c00 VMThread "VM Thread" [stack: 0x000000c9f1e00000,0x000000c9f1f00000] [id=21044]
  0x000001fc46013560 WatcherThread [stack: 0x000000c9f3000000,0x000000c9f3100000] [id=43184]
  0x000001fc4608d340 GCTaskThread "GC Thread#0" [stack: 0x000000c9f1900000,0x000000c9f1a00000] [id=4336]
  0x000001fc460a0d50 ConcurrentGCThread "G1 Main Marker" [stack: 0x000000c9f1a00000,0x000000c9f1b00000] [id=42160]
  0x000001fc460a2950 ConcurrentGCThread "G1 Conc#0" [stack: 0x000000c9f1b00000,0x000000c9f1c00000] [id=8700]
  0x000001fc460ee670 ConcurrentGCThread "G1 Refine#0" [stack: 0x000000c9f1c00000,0x000000c9f1d00000] [id=22432]
  0x000001fc6fbb5480 ConcurrentGCThread "G1 Young RemSet Sampling" [stack: 0x000000c9f1d00000,0x000000c9f1e00000] [id=4448]

Threads with active compile tasks:

VM state: not at safepoint (normal execution)

VM Mutex/Monitor currently owned by a thread: None

Heap address: 0x0000000600c00000, size: 8180 MB, Compressed Oops mode: Zero based, Oop shift amount: 3
CDS disabled.
Compressed class space mapped at: 0x0000000800000000-0x0000000840000000, size: 1073741824
Narrow klass base: 0x0000000800000000, Narrow klass shift: 0, Narrow klass range: 0x40000000

GC Precious Log:
 CPUs: 24 total, 24 available
 Memory: 32713M
 Large Page Support: Disabled
 NUMA Support: Disabled
 Compressed Oops: Enabled (Zero based)
 Heap Region Size: 4M
 Heap Min Capacity: 8M
 Heap Initial Capacity: 512M
 Heap Max Capacity: 8180M
 Pre-touch: Disabled
 Parallel Workers: 18
 Concurrent Workers: 5
 Concurrent Refinement Workers: 18
 Periodic GC: Disabled

Heap:
 garbage-first heap   total 524288K, used 8192K [0x0000000600c00000, 0x0000000800000000)
  region size 4096K, 3 young (12288K), 0 survivors (0K)
 Metaspace       used 11804K, capacity 11990K, committed 12160K, reserved 1060864K
  class space    used 1018K, capacity 1072K, committed 1152K, reserved 1048576K

Heap Regions: E=young(eden), S=young(survivor), O=old, HS=humongous(starts), HC=humongous(continues), CS=collection set, F=free, OA=open archive, CA=closed archive, TAMS=top-at-mark-start (previous, next)
|   0|0x0000000600c00000, 0x0000000600c00000, 0x0000000601000000|  0%| F|  |TAMS 0x0000000600c00000, 0x0000000600c00000| Untracked 
|   1|0x0000000601000000, 0x0000000601000000, 0x0000000601400000|  0%| F|  |TAMS 0x0000000601000000, 0x0000000601000000| Untracked 
|   2|0x0000000601400000, 0x0000000601400000, 0x0000000601800000|  0%| F|  |TAMS 0x0000000601400000, 0x0000000601400000| Untracked 
|   3|0x0000000601800000, 0x0000000601800000, 0x0000000601c00000|  0%| F|  |TAMS 0x0000000601800000, 0x0000000601800000| Untracked 
|   4|0x0000000601c00000, 0x0000000601c00000, 0x0000000602000000|  0%| F|  |TAMS 0x0000000601c00000, 0x0000000601c00000| Untracked 
|   5|0x0000000602000000, 0x0000000602000000, 0x0000000602400000|  0%| F|  |TAMS 0x0000000602000000, 0x0000000602000000| Untracked 
|   6|0x0000000602400000, 0x0000000602400000, 0x0000000602800000|  0%| F|  |TAMS 0x0000000602400000, 0x0000000602400000| Untracked 
|   7|0x0000000602800000, 0x0000000602800000, 0x0000000602c00000|  0%| F|  |TAMS 0x0000000602800000, 0x0000000602800000| Untracked 
|   8|0x0000000602c00000, 0x0000000602c00000, 0x0000000603000000|  0%| F|  |TAMS 0x0000000602c00000, 0x0000000602c00000| Untracked 
|   9|0x0000000603000000, 0x0000000603000000, 0x0000000603400000|  0%| F|  |TAMS 0x0000000603000000, 0x0000000603000000| Untracked 
|  10|0x0000000603400000, 0x0000000603400000, 0x0000000603800000|  0%| F|  |TAMS 0x0000000603400000, 0x0000000603400000| Untracked 
|  11|0x0000000603800000, 0x0000000603800000, 0x0000000603c00000|  0%| F|  |TAMS 0x0000000603800000, 0x0000000603800000| Untracked 
|  12|0x0000000603c00000, 0x0000000603c00000, 0x0000000604000000|  0%| F|  |TAMS 0x0000000603c00000, 0x0000000603c00000| Untracked 
|  13|0x0000000604000000, 0x0000000604000000, 0x0000000604400000|  0%| F|  |TAMS 0x0000000604000000, 0x0000000604000000| Untracked 
|  14|0x0000000604400000, 0x0000000604400000, 0x0000000604800000|  0%| F|  |TAMS 0x0000000604400000, 0x0000000604400000| Untracked 
|  15|0x0000000604800000, 0x0000000604800000, 0x0000000604c00000|  0%| F|  |TAMS 0x0000000604800000, 0x0000000604800000| Untracked 
|  16|0x0000000604c00000, 0x0000000604c00000, 0x0000000605000000|  0%| F|  |TAMS 0x0000000604c00000, 0x0000000604c00000| Untracked 
|  17|0x0000000605000000, 0x0000000605000000, 0x0000000605400000|  0%| F|  |TAMS 0x0000000605000000, 0x0000000605000000| Untracked 
|  18|0x0000000605400000, 0x0000000605400000, 0x0000000605800000|  0%| F|  |TAMS 0x0000000605400000, 0x0000000605400000| Untracked 
|  19|0x0000000605800000, 0x0000000605800000, 0x0000000605c00000|  0%| F|  |TAMS 0x0000000605800000, 0x0000000605800000| Untracked 
|  20|0x0000000605c00000, 0x0000000605c00000, 0x0000000606000000|  0%| F|  |TAMS 0x0000000605c00000, 0x0000000605c00000| Untracked 
|  21|0x0000000606000000, 0x0000000606000000, 0x0000000606400000|  0%| F|  |TAMS 0x0000000606000000, 0x0000000606000000| Untracked 
|  22|0x0000000606400000, 0x0000000606400000, 0x0000000606800000|  0%| F|  |TAMS 0x0000000606400000, 0x0000000606400000| Untracked 
|  23|0x0000000606800000, 0x0000000606800000, 0x0000000606c00000|  0%| F|  |TAMS 0x0000000606800000, 0x0000000606800000| Untracked 
|  24|0x0000000606c00000, 0x0000000606c00000, 0x0000000607000000|  0%| F|  |TAMS 0x0000000606c00000, 0x0000000606c00000| Untracked 
|  25|0x0000000607000000, 0x0000000607000000, 0x0000000607400000|  0%| F|  |TAMS 0x0000000607000000, 0x0000000607000000| Untracked 
|  26|0x0000000607400000, 0x0000000607400000, 0x0000000607800000|  0%| F|  |TAMS 0x0000000607400000, 0x0000000607400000| Untracked 
|  27|0x0000000607800000, 0x0000000607800000, 0x0000000607c00000|  0%| F|  |TAMS 0x0000000607800000, 0x0000000607800000| Untracked 
|  28|0x0000000607c00000, 0x0000000607c00000, 0x0000000608000000|  0%| F|  |TAMS 0x0000000607c00000, 0x0000000607c00000| Untracked 
|  29|0x0000000608000000, 0x0000000608000000, 0x0000000608400000|  0%| F|  |TAMS 0x0000000608000000, 0x0000000608000000| Untracked 
|  30|0x0000000608400000, 0x0000000608400000, 0x0000000608800000|  0%| F|  |TAMS 0x0000000608400000, 0x0000000608400000| Untracked 
|  31|0x0000000608800000, 0x0000000608800000, 0x0000000608c00000|  0%| F|  |TAMS 0x0000000608800000, 0x0000000608800000| Untracked 
|  32|0x0000000608c00000, 0x0000000608c00000, 0x0000000609000000|  0%| F|  |TAMS 0x0000000608c00000, 0x0000000608c00000| Untracked 
|  33|0x0000000609000000, 0x0000000609000000, 0x0000000609400000|  0%| F|  |TAMS 0x0000000609000000, 0x0000000609000000| Untracked 
|  34|0x0000000609400000, 0x0000000609400000, 0x0000000609800000|  0%| F|  |TAMS 0x0000000609400000, 0x0000000609400000| Untracked 
|  35|0x0000000609800000, 0x0000000609800000, 0x0000000609c00000|  0%| F|  |TAMS 0x0000000609800000, 0x0000000609800000| Untracked 
|  36|0x0000000609c00000, 0x0000000609c00000, 0x000000060a000000|  0%| F|  |TAMS 0x0000000609c00000, 0x0000000609c00000| Untracked 
|  37|0x000000060a000000, 0x000000060a000000, 0x000000060a400000|  0%| F|  |TAMS 0x000000060a000000, 0x000000060a000000| Untracked 
|  38|0x000000060a400000, 0x000000060a400000, 0x000000060a800000|  0%| F|  |TAMS 0x000000060a400000, 0x000000060a400000| Untracked 
|  39|0x000000060a800000, 0x000000060a800000, 0x000000060ac00000|  0%| F|  |TAMS 0x000000060a800000, 0x000000060a800000| Untracked 
|  40|0x000000060ac00000, 0x000000060ac00000, 0x000000060b000000|  0%| F|  |TAMS 0x000000060ac00000, 0x000000060ac00000| Untracked 
|  41|0x000000060b000000, 0x000000060b000000, 0x000000060b400000|  0%| F|  |TAMS 0x000000060b000000, 0x000000060b000000| Untracked 
|  42|0x000000060b400000, 0x000000060b400000, 0x000000060b800000|  0%| F|  |TAMS 0x000000060b400000, 0x000000060b400000| Untracked 
|  43|0x000000060b800000, 0x000000060b800000, 0x000000060bc00000|  0%| F|  |TAMS 0x000000060b800000, 0x000000060b800000| Untracked 
|  44|0x000000060bc00000, 0x000000060bc00000, 0x000000060c000000|  0%| F|  |TAMS 0x000000060bc00000, 0x000000060bc00000| Untracked 
|  45|0x000000060c000000, 0x000000060c000000, 0x000000060c400000|  0%| F|  |TAMS 0x000000060c000000, 0x000000060c000000| Untracked 
|  46|0x000000060c400000, 0x000000060c400000, 0x000000060c800000|  0%| F|  |TAMS 0x000000060c400000, 0x000000060c400000| Untracked 
|  47|0x000000060c800000, 0x000000060c800000, 0x000000060cc00000|  0%| F|  |TAMS 0x000000060c800000, 0x000000060c800000| Untracked 
|  48|0x000000060cc00000, 0x000000060cc00000, 0x000000060d000000|  0%| F|  |TAMS 0x000000060cc00000, 0x000000060cc00000| Untracked 
|  49|0x000000060d000000, 0x000000060d000000, 0x000000060d400000|  0%| F|  |TAMS 0x000000060d000000, 0x000000060d000000| Untracked 
|  50|0x000000060d400000, 0x000000060d400000, 0x000000060d800000|  0%| F|  |TAMS 0x000000060d400000, 0x000000060d400000| Untracked 
|  51|0x000000060d800000, 0x000000060d800000, 0x000000060dc00000|  0%| F|  |TAMS 0x000000060d800000, 0x000000060d800000| Untracked 
|  52|0x000000060dc00000, 0x000000060dc00000, 0x000000060e000000|  0%| F|  |TAMS 0x000000060dc00000, 0x000000060dc00000| Untracked 
|  53|0x000000060e000000, 0x000000060e000000, 0x000000060e400000|  0%| F|  |TAMS 0x000000060e000000, 0x000000060e000000| Untracked 
|  54|0x000000060e400000, 0x000000060e400000, 0x000000060e800000|  0%| F|  |TAMS 0x000000060e400000, 0x000000060e400000| Untracked 
|  55|0x000000060e800000, 0x000000060e800000, 0x000000060ec00000|  0%| F|  |TAMS 0x000000060e800000, 0x000000060e800000| Untracked 
|  56|0x000000060ec00000, 0x000000060ec00000, 0x000000060f000000|  0%| F|  |TAMS 0x000000060ec00000, 0x000000060ec00000| Untracked 
|  57|0x000000060f000000, 0x000000060f000000, 0x000000060f400000|  0%| F|  |TAMS 0x000000060f000000, 0x000000060f000000| Untracked 
|  58|0x000000060f400000, 0x000000060f400000, 0x000000060f800000|  0%| F|  |TAMS 0x000000060f400000, 0x000000060f400000| Untracked 
|  59|0x000000060f800000, 0x000000060f800000, 0x000000060fc00000|  0%| F|  |TAMS 0x000000060f800000, 0x000000060f800000| Untracked 
|  60|0x000000060fc00000, 0x000000060fc00000, 0x0000000610000000|  0%| F|  |TAMS 0x000000060fc00000, 0x000000060fc00000| Untracked 
|  61|0x0000000610000000, 0x0000000610000000, 0x0000000610400000|  0%| F|  |TAMS 0x0000000610000000, 0x0000000610000000| Untracked 
|  62|0x0000000610400000, 0x0000000610400000, 0x0000000610800000|  0%| F|  |TAMS 0x0000000610400000, 0x0000000610400000| Untracked 
|  63|0x0000000610800000, 0x0000000610800000, 0x0000000610c00000|  0%| F|  |TAMS 0x0000000610800000, 0x0000000610800000| Untracked 
|  64|0x0000000610c00000, 0x0000000610c00000, 0x0000000611000000|  0%| F|  |TAMS 0x0000000610c00000, 0x0000000610c00000| Untracked 
|  65|0x0000000611000000, 0x0000000611000000, 0x0000000611400000|  0%| F|  |TAMS 0x0000000611000000, 0x0000000611000000| Untracked 
|  66|0x0000000611400000, 0x0000000611400000, 0x0000000611800000|  0%| F|  |TAMS 0x0000000611400000, 0x0000000611400000| Untracked 
|  67|0x0000000611800000, 0x0000000611800000, 0x0000000611c00000|  0%| F|  |TAMS 0x0000000611800000, 0x0000000611800000| Untracked 
|  68|0x0000000611c00000, 0x0000000611c00000, 0x0000000612000000|  0%| F|  |TAMS 0x0000000611c00000, 0x0000000611c00000| Untracked 
|  69|0x0000000612000000, 0x0000000612000000, 0x0000000612400000|  0%| F|  |TAMS 0x0000000612000000, 0x0000000612000000| Untracked 
|  70|0x0000000612400000, 0x0000000612400000, 0x0000000612800000|  0%| F|  |TAMS 0x0000000612400000, 0x0000000612400000| Untracked 
|  71|0x0000000612800000, 0x0000000612800000, 0x0000000612c00000|  0%| F|  |TAMS 0x0000000612800000, 0x0000000612800000| Untracked 
|  72|0x0000000612c00000, 0x0000000612c00000, 0x0000000613000000|  0%| F|  |TAMS 0x0000000612c00000, 0x0000000612c00000| Untracked 
|  73|0x0000000613000000, 0x0000000613000000, 0x0000000613400000|  0%| F|  |TAMS 0x0000000613000000, 0x0000000613000000| Untracked 
|  74|0x0000000613400000, 0x0000000613400000, 0x0000000613800000|  0%| F|  |TAMS 0x0000000613400000, 0x0000000613400000| Untracked 
|  75|0x0000000613800000, 0x0000000613800000, 0x0000000613c00000|  0%| F|  |TAMS 0x0000000613800000, 0x0000000613800000| Untracked 
|  76|0x0000000613c00000, 0x0000000613c00000, 0x0000000614000000|  0%| F|  |TAMS 0x0000000613c00000, 0x0000000613c00000| Untracked 
|  77|0x0000000614000000, 0x0000000614000000, 0x0000000614400000|  0%| F|  |TAMS 0x0000000614000000, 0x0000000614000000| Untracked 
|  78|0x0000000614400000, 0x0000000614400000, 0x0000000614800000|  0%| F|  |TAMS 0x0000000614400000, 0x0000000614400000| Untracked 
|  79|0x0000000614800000, 0x0000000614800000, 0x0000000614c00000|  0%| F|  |TAMS 0x0000000614800000, 0x0000000614800000| Untracked 
|  80|0x0000000614c00000, 0x0000000614c00000, 0x0000000615000000|  0%| F|  |TAMS 0x0000000614c00000, 0x0000000614c00000| Untracked 
|  81|0x0000000615000000, 0x0000000615000000, 0x0000000615400000|  0%| F|  |TAMS 0x0000000615000000, 0x0000000615000000| Untracked 
|  82|0x0000000615400000, 0x0000000615400000, 0x0000000615800000|  0%| F|  |TAMS 0x0000000615400000, 0x0000000615400000| Untracked 
|  83|0x0000000615800000, 0x0000000615800000, 0x0000000615c00000|  0%| F|  |TAMS 0x0000000615800000, 0x0000000615800000| Untracked 
|  84|0x0000000615c00000, 0x0000000615c00000, 0x0000000616000000|  0%| F|  |TAMS 0x0000000615c00000, 0x0000000615c00000| Untracked 
|  85|0x0000000616000000, 0x0000000616000000, 0x0000000616400000|  0%| F|  |TAMS 0x0000000616000000, 0x0000000616000000| Untracked 
|  86|0x0000000616400000, 0x0000000616400000, 0x0000000616800000|  0%| F|  |TAMS 0x0000000616400000, 0x0000000616400000| Untracked 
|  87|0x0000000616800000, 0x0000000616800000, 0x0000000616c00000|  0%| F|  |TAMS 0x0000000616800000, 0x0000000616800000| Untracked 
|  88|0x0000000616c00000, 0x0000000616c00000, 0x0000000617000000|  0%| F|  |TAMS 0x0000000616c00000, 0x0000000616c00000| Untracked 
|  89|0x0000000617000000, 0x0000000617000000, 0x0000000617400000|  0%| F|  |TAMS 0x0000000617000000, 0x0000000617000000| Untracked 
|  90|0x0000000617400000, 0x0000000617400000, 0x0000000617800000|  0%| F|  |TAMS 0x0000000617400000, 0x0000000617400000| Untracked 
|  91|0x0000000617800000, 0x0000000617800000, 0x0000000617c00000|  0%| F|  |TAMS 0x0000000617800000, 0x0000000617800000| Untracked 
|  92|0x0000000617c00000, 0x0000000617c00000, 0x0000000618000000|  0%| F|  |TAMS 0x0000000617c00000, 0x0000000617c00000| Untracked 
|  93|0x0000000618000000, 0x0000000618000000, 0x0000000618400000|  0%| F|  |TAMS 0x0000000618000000, 0x0000000618000000| Untracked 
|  94|0x0000000618400000, 0x0000000618400000, 0x0000000618800000|  0%| F|  |TAMS 0x0000000618400000, 0x0000000618400000| Untracked 
|  95|0x0000000618800000, 0x0000000618800000, 0x0000000618c00000|  0%| F|  |TAMS 0x0000000618800000, 0x0000000618800000| Untracked 
|  96|0x0000000618c00000, 0x0000000618c00000, 0x0000000619000000|  0%| F|  |TAMS 0x0000000618c00000, 0x0000000618c00000| Untracked 
|  97|0x0000000619000000, 0x0000000619000000, 0x0000000619400000|  0%| F|  |TAMS 0x0000000619000000, 0x0000000619000000| Untracked 
|  98|0x0000000619400000, 0x0000000619400000, 0x0000000619800000|  0%| F|  |TAMS 0x0000000619400000, 0x0000000619400000| Untracked 
|  99|0x0000000619800000, 0x0000000619800000, 0x0000000619c00000|  0%| F|  |TAMS 0x0000000619800000, 0x0000000619800000| Untracked 
| 100|0x0000000619c00000, 0x0000000619c00000, 0x000000061a000000|  0%| F|  |TAMS 0x0000000619c00000, 0x0000000619c00000| Untracked 
| 101|0x000000061a000000, 0x000000061a000000, 0x000000061a400000|  0%| F|  |TAMS 0x000000061a000000, 0x000000061a000000| Untracked 
| 102|0x000000061a400000, 0x000000061a400000, 0x000000061a800000|  0%| F|  |TAMS 0x000000061a400000, 0x000000061a400000| Untracked 
| 103|0x000000061a800000, 0x000000061a800000, 0x000000061ac00000|  0%| F|  |TAMS 0x000000061a800000, 0x000000061a800000| Untracked 
| 104|0x000000061ac00000, 0x000000061ac00000, 0x000000061b000000|  0%| F|  |TAMS 0x000000061ac00000, 0x000000061ac00000| Untracked 
| 105|0x000000061b000000, 0x000000061b000000, 0x000000061b400000|  0%| F|  |TAMS 0x000000061b000000, 0x000000061b000000| Untracked 
| 106|0x000000061b400000, 0x000000061b400000, 0x000000061b800000|  0%| F|  |TAMS 0x000000061b400000, 0x000000061b400000| Untracked 
| 107|0x000000061b800000, 0x000000061b800000, 0x000000061bc00000|  0%| F|  |TAMS 0x000000061b800000, 0x000000061b800000| Untracked 
| 108|0x000000061bc00000, 0x000000061bc00000, 0x000000061c000000|  0%| F|  |TAMS 0x000000061bc00000, 0x000000061bc00000| Untracked 
| 109|0x000000061c000000, 0x000000061c000000, 0x000000061c400000|  0%| F|  |TAMS 0x000000061c000000, 0x000000061c000000| Untracked 
| 110|0x000000061c400000, 0x000000061c400000, 0x000000061c800000|  0%| F|  |TAMS 0x000000061c400000, 0x000000061c400000| Untracked 
| 111|0x000000061c800000, 0x000000061c800000, 0x000000061cc00000|  0%| F|  |TAMS 0x000000061c800000, 0x000000061c800000| Untracked 
| 112|0x000000061cc00000, 0x000000061cc00000, 0x000000061d000000|  0%| F|  |TAMS 0x000000061cc00000, 0x000000061cc00000| Untracked 
| 113|0x000000061d000000, 0x000000061d000000, 0x000000061d400000|  0%| F|  |TAMS 0x000000061d000000, 0x000000061d000000| Untracked 
| 114|0x000000061d400000, 0x000000061d400000, 0x000000061d800000|  0%| F|  |TAMS 0x000000061d400000, 0x000000061d400000| Untracked 
| 115|0x000000061d800000, 0x000000061d800000, 0x000000061dc00000|  0%| F|  |TAMS 0x000000061d800000, 0x000000061d800000| Untracked 
| 116|0x000000061dc00000, 0x000000061dc00000, 0x000000061e000000|  0%| F|  |TAMS 0x000000061dc00000, 0x000000061dc00000| Untracked 
| 117|0x000000061e000000, 0x000000061e000000, 0x000000061e400000|  0%| F|  |TAMS 0x000000061e000000, 0x000000061e000000| Untracked 
| 118|0x000000061e400000, 0x000000061e400000, 0x000000061e800000|  0%| F|  |TAMS 0x000000061e400000, 0x000000061e400000| Untracked 
| 119|0x000000061e800000, 0x000000061e800000, 0x000000061ec00000|  0%| F|  |TAMS 0x000000061e800000, 0x000000061e800000| Untracked 
| 120|0x000000061ec00000, 0x000000061ec00000, 0x000000061f000000|  0%| F|  |TAMS 0x000000061ec00000, 0x000000061ec00000| Untracked 
| 121|0x000000061f000000, 0x000000061f000000, 0x000000061f400000|  0%| F|  |TAMS 0x000000061f000000, 0x000000061f000000| Untracked 
| 122|0x000000061f400000, 0x000000061f400000, 0x000000061f800000|  0%| F|  |TAMS 0x000000061f400000, 0x000000061f400000| Untracked 
| 123|0x000000061f800000, 0x000000061f800000, 0x000000061fc00000|  0%| F|  |TAMS 0x000000061f800000, 0x000000061f800000| Untracked 
| 124|0x000000061fc00000, 0x000000061fc00000, 0x0000000620000000|  0%| F|  |TAMS 0x000000061fc00000, 0x000000061fc00000| Untracked 
| 125|0x0000000620000000, 0x0000000620109d68, 0x0000000620400000| 25%| E|  |TAMS 0x0000000620000000, 0x0000000620000000| Complete 
| 126|0x0000000620400000, 0x0000000620800000, 0x0000000620800000|100%| E|CS|TAMS 0x0000000620400000, 0x0000000620400000| Complete 
| 127|0x0000000620800000, 0x0000000620c00000, 0x0000000620c00000|100%| E|CS|TAMS 0x0000000620800000, 0x0000000620800000| Complete 

Card table byte_map: [0x000001fc5a800000,0x000001fc5b800000] _byte_map_base: 0x000001fc577fa000

Marking Bits (Prev, Next): (CMBitMap*) 0x000001fc4608dbb0, (CMBitMap*) 0x000001fc4608dbf0
 Prev Bits: [0x000001fc5c800000, 0x000001fc647d0000)
 Next Bits: [0x000001fc647d0000, 0x000001fc6c7a0000)

Polling page: 0x000001fc43d30000

Metaspace:

Usage:
  Non-class:     10.66 MB capacity,    10.53 MB ( 99%) used,   121.21 KB (  1%) free+waste,    11.50 KB ( <1%) overhead. 
      Class:      1.05 MB capacity,  1018.95 KB ( 95%) used,    49.24 KB (  5%) free+waste,     3.81 KB ( <1%) overhead. 
       Both:     11.71 MB capacity,    11.53 MB ( 98%) used,   170.45 KB (  1%) free+waste,    15.31 KB ( <1%) overhead. 

Virtual space:
  Non-class space:       12.00 MB reserved,      10.75 MB ( 90%) committed 
      Class space:        1.00 GB reserved,       1.12 MB ( <1%) committed 
             Both:        1.01 GB reserved,      11.88 MB (  1%) committed 

Chunk freelists:
   Non-Class:  26.00 KB
       Class:  16.00 KB
        Both:  42.00 KB

MaxMetaspaceSize: 17179869184.00 GB
CompressedClassSpaceSize: 1.00 GB

CodeHeap 'non-profiled nmethods': size=119168Kb used=213Kb max_used=213Kb free=118954Kb
 bounds [0x000001fc515d0000, 0x000001fc51840000, 0x000001fc58a30000]
CodeHeap 'profiled nmethods': size=119104Kb used=1013Kb max_used=1013Kb free=118090Kb
 bounds [0x000001fc4a180000, 0x000001fc4a3f0000, 0x000001fc515d0000]
CodeHeap 'non-nmethods': size=7488Kb used=1261Kb max_used=2402Kb free=6226Kb
 bounds [0x000001fc49a30000, 0x000001fc49ca0000, 0x000001fc4a180000]
 total_blobs=1137 nmethods=705 adapters=345
 compilation: enabled
              stopped_count=0, restarted_count=0
 full_count=0

Compilation events (20 events):
Event: 766.877 Thread 0x000001fc70706940  701       3       org.eclipse.jdt.launching.internal.org.objectweb.asm.ClassReader::readClass (7 bytes)
Event: 766.877 Thread 0x000001fc70706940 nmethod 701 0x000001fc4a27ac10 code [0x000001fc4a27ade0, 0x000001fc4a27b168]
Event: 766.877 Thread 0x000001fc70706940  702       3       org.eclipse.jdt.launching.internal.org.objectweb.asm.ClassReader::readStringish (16 bytes)
Event: 766.880 Thread 0x000001fc70706940 

Event: 766.880 Thread 0x000001fc70706940  703       3       org.eclipse.jdt.launching.internal.org.objectweb.asm.SymbolTable::addConstantMemberReference (29 bytes)
Event: 766.881 Thread 0x000001fc70706940 nmethod 703 0x000001fc4a27b310 code [0x000001fc4a27b500, 0x000001fc4a27b8a8]
Event: 766.881 Thread 0x000001fc70706940  704       3       org.eclipse.jdt.launching.internal.org.objectweb.asm.SymbolTable::hash (20 bytes)
Event: 766.881 Thread 0x000001fc70706940 nmethod 704 0x000001fc4a27bb90 code [0x000001fc4a27bd60, 0x000001fc4a27bf28]
Event: 766.881 Thread 0x000001fc70706940  705       3       org.eclipse.jdt.launching.internal.org.objectweb.asm.SymbolTable$Entry::<init> (20 bytes)
Event: 766.881 Thread 0x000001fc70706940 nmethod 705 0x000001fc4a27c090 code [0x000001fc4a27c240, 0x000001fc4a27c3c8]
Event: 766.881 Thread 0x000001fc70706940  706       3       org.eclipse.jdt.launching.internal.org.objectweb.asm.ClassReader::readInt (52 bytes)
Event: 766.881 Thread 0x000001fc70706940 nmethod 706 0x000001fc4a27c490 code [0x000001fc4a27c620, 0x000001fc4a27c7f8]
Event: 2057.999 Thread 0x000001fc70706940  707       3       org.eclipse.jdt.launching.internal.org.objectweb.asm.SymbolTable::addConstantNameAndType (28 bytes)
Event: 2057.999 Thread 0x000001fc70706940 nmethod 707 0x000001fc4a27c910 code [0x000001fc4a27cae0, 0x000001fc4a27cdf8]
Event: 2057.999 Thread 0x000001fc70706940  708       3       org.eclipse.jdt.launching.internal.org.objectweb.asm.SymbolTable::hash (15 bytes)
Event: 2057.999 Thread 0x000001fc70706940 nmethod 708 0x000001fc4a27d010 code [0x000001fc4a27d1c0, 0x000001fc4a27d338]
Event: 2057.999 Thread 0x000001fc70706940  709       3       org.eclipse.jdt.launching.internal.org.objectweb.asm.SymbolTable$Entry::<init> (18 bytes)
Event: 2058.002 Thread 0x000001fc70706940 

Event: 2211.047 Thread 0x000001fc70706940  710       3       org.eclipse.jdt.launching.internal.org.objectweb.asm.SymbolTable::addConstantUtf8 (98 bytes)
Event: 2211.050 Thread 0x000001fc70706940 


GC Heap History (0 events):
No events

Deoptimization events (16 events):
Event: 0.130 Thread 0x000001fc460123b0 Uncommon trap: trap_request=0xffffff45 fr.pc=0x000001fc515dd1a4 relative=0x0000000000000944
Event: 0.130 Thread 0x000001fc460123b0 Uncommon trap: reason=unstable_if action=reinterpret pc=0x000001fc515dd1a4 method=java.util.HashMap.putVal(ILjava/lang/Object;Ljava/lang/Object;ZZ)Ljava/lang/Object; @ 181 c2
Event: 0.130 Thread 0x000001fc460123b0 DEOPT PACKING pc=0x000001fc515dd1a4 sp=0x000000c9f18fde10
Event: 0.130 Thread 0x000001fc460123b0 DEOPT UNPACKING pc=0x000001fc49a7e42f sp=0x000000c9f18fddb0 mode 2
Event: 0.185 Thread 0x000001fc460123b0 Uncommon trap: trap_request=0xffffff45 fr.pc=0x000001fc515de874 relative=0x00000000000000d4
Event: 0.185 Thread 0x000001fc460123b0 Uncommon trap: reason=unstable_if action=reinterpret pc=0x000001fc515de874 method=java.lang.String.isLatin1()Z @ 10 c2
Event: 0.185 Thread 0x000001fc460123b0 DEOPT PACKING pc=0x000001fc515de874 sp=0x000000c9f18feaa0
Event: 0.185 Thread 0x000001fc460123b0 DEOPT UNPACKING pc=0x000001fc49a7e42f sp=0x000000c9f18fe9f0 mode 2
Event: 0.202 Thread 0x000001fc460123b0 DEOPT PACKING pc=0x000001fc4a2008b8 sp=0x000000c9f18f77d0
Event: 0.202 Thread 0x000001fc460123b0 DEOPT UNPACKING pc=0x000001fc49a7e23f sp=0x000000c9f18f6c98 mode 0
Event: 0.202 Thread 0x000001fc460123b0 DEOPT PACKING pc=0x000001fc4a2008b8 sp=0x000000c9f18f77d0
Event: 0.202 Thread 0x000001fc460123b0 DEOPT UNPACKING pc=0x000001fc49a7e23f sp=0x000000c9f18f6c98 mode 0
Event: 0.203 Thread 0x000001fc460123b0 DEOPT PACKING pc=0x000001fc4a2008b8 sp=0x000000c9f18f77d0
Event: 0.203 Thread 0x000001fc460123b0 DEOPT UNPACKING pc=0x000001fc49a7e23f sp=0x000000c9f18f6c98 mode 0
Event: 0.260 Thread 0x000001fc460123b0 DEOPT PACKING pc=0x000001fc4a1da896 sp=0x000000c9f18fcfb0
Event: 0.260 Thread 0x000001fc460123b0 DEOPT UNPACKING pc=0x000001fc49a7e23f sp=0x000000c9f18fc448 mode 0

Classes unloaded (0 events):
No events

Classes redefined (5 events):
Event: 60.565 Thread 0x000001fc706a1c00 redefined class name=SeamCarver, count=1
Event: 161.362 Thread 0x000001fc706a1c00 redefined class name=SeamCarver, count=2
Event: 766.878 Thread 0x000001fc706a1c00 redefined class name=SeamCarver, count=3
Event: 2058.000 Thread 0x000001fc706a1c00 redefined class name=SeamCarver, count=4
Event: 2211.048 Thread 0x000001fc706a1c00 redefined class name=SeamCarver, count=5

Internal exceptions (9 events):
Event: 0.127 Thread 0x000001fc460123b0 Exception <a 'java/lang/NoSuchMethodError'{0x0000000620a8f8c0}: 'void java.lang.invoke.DirectMethodHandle$Holder.invokeStatic(java.lang.Object, java.lang.Object)'> (0x0000000620a8f8c0) 
thrown [./open/src/hotspot/share/interpreter/linkResolver.cpp, line 782]
Event: 0.128 Thread 0x000001fc460123b0 Exception <a 'java/lang/NoSuchMethodError'{0x0000000620a93568}: 'void java.lang.invoke.DirectMethodHandle$Holder.invokeStaticInit(java.lang.Object, java.lang.Object)'> (0x0000000620a93568) 
thrown [./open/src/hotspot/share/interpreter/linkResolver.cpp, line 782]
Event: 0.182 Thread 0x000001fc460123b0 Exception <a 'java/lang/NoSuchMethodError'{0x000000062056bdb0}: 'java.lang.Object java.lang.invoke.DirectMethodHandle$Holder.invokeStatic(java.lang.Object)'> (0x000000062056bdb0) 
thrown [./open/src/hotspot/share/interpreter/linkResolver.cpp, line 782]
Event: 0.213 Thread 0x000001fc460123b0 Exception <a 'java/lang/NoSuchMethodError'{0x00000006206e5980}: 'void java.lang.invoke.DirectMethodHandle$Holder.invokeSpecial(java.lang.Object, java.lang.Object, java.lang.Object)'> (0x00000006206e5980) 
thrown [./open/src/hotspot/share/interpreter/linkResolver.cpp, line 782]
Event: 0.220 Thread 0x000001fc460123b0 Exception <a 'java/lang/ClassNotFoundException'{0x0000000620732c48}: sun/awt/resources/spi/awtProvider> (0x0000000620732c48) 
thrown [./open/src/hotspot/share/classfile/systemDictionary.cpp, line 295]
Event: 0.232 Thread 0x000001fc460123b0 Exception <a 'java/io/FileNotFoundException'{0x00000006207911d8}> (0x00000006207911d8) 
thrown [./open/src/hotspot/share/prims/jni.cpp, line 578]
Event: 0.235 Thread 0x000001fc460123b0 Exception <a 'java/io/FileNotFoundException'{0x00000006207c1dc8}> (0x00000006207c1dc8) 
thrown [./open/src/hotspot/share/prims/jni.cpp, line 578]
Event: 0.247 Thread 0x000001fc460123b0 Exception <a 'java/lang/NoSuchMethodError'{0x0000000620036658}: 'java.lang.Object java.lang.invoke.DirectMethodHandle$Holder.invokeStaticInit(java.lang.Object)'> (0x0000000620036658) 
thrown [./open/src/hotspot/share/interpreter/linkResolver.cpp, line 782]
Event: 2932.085 Thread 0x000001fc7098e300 Exception <a 'java/lang/LinkageError'{0x0000000620a1f258}> (0x0000000620a1f258) 
thrown [./open/src/hotspot/share/oops/generateOopMap.cpp, line 2137]

Events (20 events):
Event: 2211.056 Executing VM operation: GetFrameCount
Event: 2211.056 Executing VM operation: GetFrameCount done
Event: 2211.056 Executing VM operation: GetStackTrace
Event: 2211.056 Executing VM operation: GetStackTrace done
Event: 2211.056 Executing VM operation: GetFrameCount
Event: 2211.056 Executing VM operation: GetFrameCount done
Event: 2211.106 Executing VM operation: GetFrameLocation
Event: 2211.107 Executing VM operation: GetFrameLocation done
Event: 2211.107 Executing VM operation: get/set locals
Event: 2211.107 Executing VM operation: get/set locals done
Event: 2211.128 Executing VM operation: GetFrameCount
Event: 2211.128 Executing VM operation: GetFrameCount done
Event: 2211.130 Executing VM operation: GetFrameCount
Event: 2211.130 Executing VM operation: GetFrameCount done
Event: 2925.521 Executing VM operation: ChangeBreakpoints
Event: 2925.521 Executing VM operation: ChangeBreakpoints done
Event: 2932.074 Executing VM operation: GetFrameCount
Event: 2932.074 Executing VM operation: GetFrameCount done
Event: 2932.085 Executing VM operation: GetFrameLocation
Event: 2932.085 Executing VM operation: GetFrameLocation done


Dynamic libraries:
0x00007ff7c9850000 - 0x00007ff7c985d000 	C:\Users\carlo\.p2\pool\plugins\org.eclipse.justj.openjdk.hotspot.jre.full.win32.x86_64_15.0.1.v20201027-0507\jre\bin\javaw.exe
0x00007ffb48350000 - 0x00007ffb48545000 	C:\Windows\SYSTEM32\ntdll.dll
0x00007ffb47150000 - 0x00007ffb4720d000 	C:\Windows\System32\KERNEL32.DLL
0x00007ffb45e10000 - 0x00007ffb460d8000 	C:\Windows\System32\KERNELBASE.dll
0x00007ffb45bb0000 - 0x00007ffb45cb0000 	C:\Windows\System32\ucrtbase.dll
0x00007ffb3da00000 - 0x00007ffb3da18000 	C:\Users\carlo\.p2\pool\plugins\org.eclipse.justj.openjdk.hotspot.jre.full.win32.x86_64_15.0.1.v20201027-0507\jre\bin\jli.dll
0x00007ffb2f080000 - 0x00007ffb2f099000 	C:\Users\carlo\.p2\pool\plugins\org.eclipse.justj.openjdk.hotspot.jre.full.win32.x86_64_15.0.1.v20201027-0507\jre\bin\VCRUNTIME140.dll
0x00007ffb47ba0000 - 0x00007ffb47d40000 	C:\Windows\System32\USER32.dll
0x00007ffb44eb0000 - 0x00007ffb4514a000 	C:\Windows\WinSxS\amd64_microsoft.windows.common-controls_6595b64144ccf1df_6.0.19041.844_none_ca00b6081b84eb1d\COMCTL32.dll
0x00007ffb45de0000 - 0x00007ffb45e02000 	C:\Windows\System32\win32u.dll
0x00007ffb46460000 - 0x00007ffb464fe000 	C:\Windows\System32\msvcrt.dll
0x00007ffb48260000 - 0x00007ffb4828a000 	C:\Windows\System32\GDI32.dll
0x00007ffb46240000 - 0x00007ffb4634b000 	C:\Windows\System32\gdi32full.dll
0x00007ffb45a90000 - 0x00007ffb45b2d000 	C:\Windows\System32\msvcp_win.dll
0x00007ffb47aa0000 - 0x00007ffb47ad0000 	C:\Windows\System32\IMM32.DLL
0x00007ffb40bb0000 - 0x00007ffb40bbc000 	C:\Users\carlo\.p2\pool\plugins\org.eclipse.justj.openjdk.hotspot.jre.full.win32.x86_64_15.0.1.v20201027-0507\jre\bin\vcruntime140_1.dll
0x00007ffb240c0000 - 0x00007ffb24151000 	C:\Users\carlo\.p2\pool\plugins\org.eclipse.justj.openjdk.hotspot.jre.full.win32.x86_64_15.0.1.v20201027-0507\jre\bin\msvcp140.dll
0x00007ffade7f0000 - 0x00007ffadf34e000 	C:\Users\carlo\.p2\pool\plugins\org.eclipse.justj.openjdk.hotspot.jre.full.win32.x86_64_15.0.1.v20201027-0507\jre\bin\server\jvm.dll
0x00007ffb466b0000 - 0x00007ffb4675c000 	C:\Windows\System32\ADVAPI32.dll
0x00007ffb46760000 - 0x00007ffb467fb000 	C:\Windows\System32\sechost.dll
0x00007ffb46dc0000 - 0x00007ffb46eeb000 	C:\Windows\System32\RPCRT4.dll
0x00007ffb46f50000 - 0x00007ffb46f58000 	C:\Windows\System32\PSAPI.DLL
0x00007ffb3eda0000 - 0x00007ffb3eda9000 	C:\Windows\SYSTEM32\WSOCK32.dll
0x00007ffb427d0000 - 0x00007ffb427da000 	C:\Windows\SYSTEM32\VERSION.dll
0x00007ffb38430000 - 0x00007ffb38457000 	C:\Windows\SYSTEM32\WINMM.dll
0x00007ffb47210000 - 0x00007ffb4727b000 	C:\Windows\System32\WS2_32.dll
0x00007ffb436b0000 - 0x00007ffb436c2000 	C:\Windows\SYSTEM32\kernel.appcore.dll
0x00007ffb3ec80000 - 0x00007ffb3ec8a000 	C:\Users\carlo\.p2\pool\plugins\org.eclipse.justj.openjdk.hotspot.jre.full.win32.x86_64_15.0.1.v20201027-0507\jre\bin\jimage.dll
0x00007ffb454c0000 - 0x00007ffb456a4000 	C:\Windows\SYSTEM32\DBGHELP.DLL
0x00007ffb45410000 - 0x00007ffb4543c000 	C:\Windows\SYSTEM32\dbgcore.DLL
0x00007ffb45d60000 - 0x00007ffb45de0000 	C:\Windows\System32\bcryptPrimitives.dll
0x00007ffb2b1e0000 - 0x00007ffb2b219000 	C:\Users\carlo\.p2\pool\plugins\org.eclipse.justj.openjdk.hotspot.jre.full.win32.x86_64_15.0.1.v20201027-0507\jre\bin\jdwp.dll
0x00007ffb40b30000 - 0x00007ffb40b3e000 	C:\Users\carlo\.p2\pool\plugins\org.eclipse.justj.openjdk.hotspot.jre.full.win32.x86_64_15.0.1.v20201027-0507\jre\bin\instrument.dll
0x00007ffb266c0000 - 0x00007ffb266e5000 	C:\Users\carlo\.p2\pool\plugins\org.eclipse.justj.openjdk.hotspot.jre.full.win32.x86_64_15.0.1.v20201027-0507\jre\bin\java.dll
0x00007ffb35650000 - 0x00007ffb35668000 	C:\Users\carlo\.p2\pool\plugins\org.eclipse.justj.openjdk.hotspot.jre.full.win32.x86_64_15.0.1.v20201027-0507\jre\bin\zip.dll
0x00007ffb47280000 - 0x00007ffb479c2000 	C:\Windows\System32\SHELL32.dll
0x00007ffb42e30000 - 0x00007ffb435c0000 	C:\Windows\SYSTEM32\windows.storage.dll
0x00007ffb46930000 - 0x00007ffb46c85000 	C:\Windows\System32\combase.dll
0x00007ffb44e10000 - 0x00007ffb44e3c000 	C:\Windows\SYSTEM32\Wldp.dll
0x00007ffb46f60000 - 0x00007ffb4700e000 	C:\Windows\System32\SHCORE.dll
0x00007ffb46ef0000 - 0x00007ffb46f45000 	C:\Windows\System32\shlwapi.dll
0x00007ffb459d0000 - 0x00007ffb459ef000 	C:\Windows\SYSTEM32\profapi.dll
0x00007ffb3edd0000 - 0x00007ffb3eddb000 	C:\Users\carlo\.p2\pool\plugins\org.eclipse.justj.openjdk.hotspot.jre.full.win32.x86_64_15.0.1.v20201027-0507\jre\bin\dt_socket.dll
0x00007ffb44870000 - 0x00007ffb448ab000 	C:\Windows\SYSTEM32\IPHLPAPI.DLL
0x00007ffb44b40000 - 0x00007ffb44baa000 	C:\Windows\system32\mswsock.dll
0x00007ffb448b0000 - 0x00007ffb4497c000 	C:\Windows\SYSTEM32\DNSAPI.dll
0x00007ffb46db0000 - 0x00007ffb46db8000 	C:\Windows\System32\NSI.dll
0x00007ffb3e8d0000 - 0x00007ffb3e8da000 	C:\Windows\System32\rasadhlp.dll
0x00007ffb36170000 - 0x00007ffb361ef000 	C:\Windows\System32\fwpuclnt.dll
0x00007ffb45b30000 - 0x00007ffb45b57000 	C:\Windows\System32\bcrypt.dll
0x00007ffb355c0000 - 0x00007ffb355d9000 	C:\Users\carlo\.p2\pool\plugins\org.eclipse.justj.openjdk.hotspot.jre.full.win32.x86_64_15.0.1.v20201027-0507\jre\bin\net.dll
0x00007ffb3e260000 - 0x00007ffb3e36b000 	C:\Windows\SYSTEM32\WINHTTP.dll
0x00007ffb2ef50000 - 0x00007ffb2ef62000 	C:\Users\carlo\.p2\pool\plugins\org.eclipse.justj.openjdk.hotspot.jre.full.win32.x86_64_15.0.1.v20201027-0507\jre\bin\nio.dll
0x00007ffb3ec70000 - 0x00007ffb3ec80000 	C:\Users\carlo\.p2\pool\plugins\org.eclipse.justj.openjdk.hotspot.jre.full.win32.x86_64_15.0.1.v20201027-0507\jre\bin\verify.dll
0x00007ffb0fa20000 - 0x00007ffb0fb9f000 	C:\Users\carlo\.p2\pool\plugins\org.eclipse.justj.openjdk.hotspot.jre.full.win32.x86_64_15.0.1.v20201027-0507\jre\bin\awt.dll
0x00007ffb479d0000 - 0x00007ffb47a9d000 	C:\Windows\System32\OLEAUT32.dll
0x00007ffb42570000 - 0x00007ffb42600000 	C:\Windows\SYSTEM32\apphelp.dll

dbghelp: loaded successfully - version: 4.0.5 - missing functions: none
symbol engine: initialized successfully - sym options: 0x614 - pdb path: .;C:\Users\carlo\.p2\pool\plugins\org.eclipse.justj.openjdk.hotspot.jre.full.win32.x86_64_15.0.1.v20201027-0507\jre\bin;C:\Windows\SYSTEM32;C:\Windows\WinSxS\amd64_microsoft.windows.common-controls_6595b64144ccf1df_6.0.19041.844_none_ca00b6081b84eb1d;C:\Users\carlo\.p2\pool\plugins\org.eclipse.justj.openjdk.hotspot.jre.full.win32.x86_64_15.0.1.v20201027-0507\jre\bin\server

VM Arguments:
jvm_args: -XX:+ShowCodeDetailsInExceptionMessages -agentlib:jdwp=transport=dt_socket,suspend=y,address=localhost:64276 -javaagent:C:\Users\carlo\eclipse\java-2020-12\eclipse\configuration\org.eclipse.osgi\220\0\.cp\lib\javaagent-shaded.jar -Dfile.encoding=Cp1252 
java_command: PrintSeams 10x12.png
java_class_path (initial): C:\Users\carlo\Documents\GitHub\seamcarver\bin
Launcher Type: SUN_STANDARD

[Global flags]
     intx CICompilerCount                          = 12                                        {product} {ergonomic}
     uint ConcGCThreads                            = 5                                         {product} {ergonomic}
     uint G1ConcRefinementThreads                  = 18                                        {product} {ergonomic}
   size_t G1HeapRegionSize                         = 4194304                                   {product} {ergonomic}
    uintx GCDrainStackTargetSize                   = 64                                        {product} {ergonomic}
   size_t InitialHeapSize                          = 536870912                                 {product} {ergonomic}
   size_t MarkStackSize                            = 4194304                                   {product} {ergonomic}
   size_t MaxHeapSize                              = 8577351680                                {product} {ergonomic}
   size_t MaxNewSize                               = 5146411008                                {product} {ergonomic}
   size_t MinHeapDeltaBytes                        = 4194304                                   {product} {ergonomic}
   size_t MinHeapSize                              = 8388608                                   {product} {ergonomic}
    uintx NonNMethodCodeHeapSize                   = 7602480                                {pd product} {ergonomic}
    uintx NonProfiledCodeHeapSize                  = 122027880                              {pd product} {ergonomic}
    uintx ProfiledCodeHeapSize                     = 122027880                              {pd product} {ergonomic}
    uintx ReservedCodeCacheSize                    = 251658240                              {pd product} {ergonomic}
     bool SegmentedCodeCache                       = true                                      {product} {ergonomic}
     bool ShowCodeDetailsInExceptionMessages       = true                                   {manageable} {command line}
   size_t SoftMaxHeapSize                          = 8577351680                             {manageable} {ergonomic}
     bool UseCompressedClassPointers               = true                                 {lp64_product} {ergonomic}
     bool UseCompressedOops                        = true                                 {lp64_product} {ergonomic}
     bool UseG1GC                                  = true                                      {product} {ergonomic}
     bool UseLargePagesIndividualAllocation        = false                                  {pd product} {ergonomic}

Logging:
Log output configuration:
 #0: stdout all=warning uptime,level,tags
 #1: stderr all=off uptime,level,tags

Environment Variables:
PATH=C:\Users\carlo\.p2\pool\plugins\org.eclipse.justj.openjdk.hotspot.jre.full.win32.x86_64_15.0.1.v20201027-0507\jre\bin;C:/Users/carlo/.p2/pool/plugins/org.eclipse.justj.openjdk.hotspot.jre.full.win32.x86_64_15.0.1.v20201027-0507/jre/bin/server;C:/Users/carlo/.p2/pool/plugins/org.eclipse.justj.openjdk.hotspot.jre.full.win32.x86_64_15.0.1.v20201027-0507/jre/bin;C:\Program Files (x86)\Common Files\Oracle\Java\javapath;C:\Program Files (x86)\Razer Chroma SDK\bin;C:\Program Files\Razer Chroma SDK\bin;C:\Program Files (x86)\Razer\ChromaBroadcast\bin;C:\Program Files\Razer\ChromaBroadcast\bin;c:\program files\oculus\support\oculus-runtime;c:\windows\system32;c:\windows;c:\windows\system32\wbem;c:\windows\system32\windowspowershell\v1.0\;c:\windows\system32\openssh\;c:\windows\system32;c:\windows;c:\windows\system32\wbem;c:\windows\system32\windowspowershell\v1.0\;c:\windows\system32\openssh\;c:\program files\git\cmd;c:\program files (x86)\quicktime\qtsystem\;c:\program files\nvidia corporation\nvidia nvdlisr;c:\windows\system32;c:\windows;c:\windows\system32\wbem;c:\windows\system32\windowspowershell\v1.0\;c:\windows\system32\openssh\;C:\Program Files (x86)\NVIDIA Corporation\PhysX\Common;C:\WINDOWS\system32\config\systemprofile\AppData\Local\Microsoft\WindowsApps;C:\Program Files\Calibre2\;C:\Program Files\Perforce\;C:\Users\carlo\AppData\Local\Microsoft\WindowsApps;C:\Users\carlo\AppData\Local\Microsoft\WindowsApps;C:\Users\carlo\AppData\Local\Programs\Microsoft VS Code\bin;C:\Users\carlo\AppData\Local\GitHubDesktop\bin;C:\Program Files (x86)\EaseUS\Todo Backup\bin\x64\;C:\Windows\system32;
USERNAME=carlo
OS=Windows_NT
PROCESSOR_IDENTIFIER=AMD64 Family 25 Model 33 Stepping 0, AuthenticAMD



---------------  S Y S T E M  ---------------

OS:
 Windows 10 , 64 bit Build 19041 (10.0.19041.928)
OS uptime: 4 days 22:18 hours

CPU: total 24 (initial active 24) (24 cores per cpu, 2 threads per core) family 25 model 33 stepping 0 microcode 0x0, cmov, cx8, fxsr, mmx, sse, sse2, sse3, ssse3, sse4.1, sse4.2, popcnt, vzeroupper, avx, avx2, aes, clmul, erms, 3dnowpref, lzcnt, sse4a, ht, tsc, tscinvbit, tscinv, bmi1, bmi2, adx, sha, fma, clflush, clflushopt

Memory: 4k page, system-wide physical 32713M (17018M free)
TotalPageFile size 39382M (AvailPageFile size 4580M)
current process WorkingSet (physical memory assigned to process): 55M, peak: 56M
current process commit charge ("private bytes"): 635M, peak: 637M

vm_info: OpenJDK 64-Bit Server VM (15.0.1+9-18) for windows-amd64 JRE (15.0.1+9-18), built on Sep 15 2020 14:39:31 by "mach5one" with unknown MS VC++:1925

END.
